C51 COMPILER V9.57.0.0   MAIN                                                              12/24/2024 17:55:44 PAGE 1   


C51 COMPILER V9.57.0.0, COMPILATION OF MODULE MAIN
OBJECT MODULE PLACED IN .\Objects\main.obj
COMPILER INVOKED BY: E:\Keil_v5\C51\BIN\C51.EXE main.c OPTIMIZE(8,SPEED) BROWSE DEBUG OBJECTEXTEND PRINT(.\Listings\main
                    -.lst) OBJECT(.\Objects\main.obj)

line level    source

   1          #include "reg52.h"
   2          
   3          #define uchar unsigned char 
   4                  
   5          unsigned int time;//定义延迟时间
   6          
   7          sbit R1=P1^5;//定义键盘的3行线
   8          sbit R2=P1^4;
   9          sbit R3=P1^3;
  10          
  11          uchar dis[16]=//共阳极数码管字符1-9
  12          {0xf9,0xa4,0xb0,
  13          0x99,0x92,0x82,
  14          0xf8,0x80,0x90};
  15          
  16          void delay(time)//延时函数
  17          {   
  18   1              unsigned int j; 
  19   1          for(j=0;j<time;j++)
  20   1          {}
  21   1      }
  22          
  23          void main()
  24          {
  25   1          uchar temp;//中间变量
  26   1          uchar i;//计算变量
  27   1              P3=0xff;//解锁
  28   1              P2=0x01;//开启WX0
  29   1              P3=0x7f;//锁存
  30   1              P2=0xff;
  31   1         
  32   1              while(1)
  33   1              {
  34   2                      P1=0xfb;//列扫描初值1111 1011，使p1.2为0,其余为1
  35   2              for(i=0;i<=2;i++)//按列扫描，i为列变量，共3行
  36   2              {
  37   3                if(R1==0)
  38   3                        {
  39   4                                delay(20);
  40   4                                P2=dis[i];//1,2,3
  41   4                        }
  42   3                if(R2==0)
  43   3                        {
  44   4                    delay(20);
  45   4                                P2=dis[i+3];//4,5,6
  46   4                        }                       
  47   3                if(R3==0)
  48   3                        {
  49   4                                delay(20);
  50   4                    P2=dis[i+6];//7,8,9
  51   4                        }                       
  52   3                  
  53   3                delay(500);//延时
  54   3                temp = P1;//读入P1口状态
C51 COMPILER V9.57.0.0   MAIN                                                              12/24/2024 17:55:44 PAGE 2   

  55   3                temp = temp|0xf0;//置p1.0-1.1为1，作输入
  56   3                temp = temp>>1;//左移向下一列扫描
  57   3                temp = temp|0xf0;//置p1.0-1.1为1，作输入
  58   3                P1 = temp;//为下一次循环做准备
  59   3              }
  60   2              }
  61   1      }


MODULE INFORMATION:   STATIC OVERLAYABLE
   CODE SIZE        =    105    ----
   CONSTANT SIZE    =   ----    ----
   XDATA SIZE       =   ----    ----
   PDATA SIZE       =   ----    ----
   DATA SIZE        =     18    ----
   IDATA SIZE       =   ----    ----
   BIT SIZE         =   ----    ----
END OF MODULE INFORMATION.


C51 COMPILATION COMPLETE.  0 WARNING(S),  0 ERROR(S)
