C51 COMPILER V9.57.0.0   ADC                                                               01/08/2025 19:10:46 PAGE 1   


C51 COMPILER V9.57.0.0, COMPILATION OF MODULE ADC
OBJECT MODULE PLACED IN .\Objects\adc.obj
COMPILER INVOKED BY: E:\Keil_v5\C51\BIN\C51.EXE Hardware\adc.c OPTIMIZE(8,SPEED) BROWSE INCDIR(.\Hardware) DEBUG OBJECTE
                    -XTEND PRINT(.\Listings\adc.lst) OBJECT(.\Objects\adc.obj)

line level    source

   1          #include "reg52.h"
   2          #include "adc.h"
   3          #include <stdio.h>
   4          #include "delay.h"
   5          
   6          extern unsigned char AD1;
   7          
   8          extern unsigned char dis_adc[10];
   9          extern unsigned int i,j;
  10          unsigned char date[8];//ADC0832
  11          
  12          
  13          void DigDisplay()
  14          {
  15   1          int i;
  16   1          for(i=0; i<8; i++)
  17   1          {
  18   2              switch(i)
  19   2              {
  20   3                  case(0):
  21   3                      P3 = 0xff;  // 解锁
  22   3                      P2 = 0x01;  // 开启WX0
  23   3                      P3 = 0x7f;  // 锁存
  24   3                      P2 = date[i] & 0x7f;
  25   3                      delay_ms(2);  // 增加延时，减少闪烁速度
  26   3                      break;
  27   3      
  28   3                  case(1):
  29   3                      P3 = 0xff;  // 解锁
  30   3                      P2 = 0x02;  // 开启WX1
  31   3                      P3 = 0x7f;  // 锁存
  32   3                      P2 = date[i];
  33   3                      delay_ms(2);  // 增加延时，减少闪烁速度
  34   3                      break;
  35   3      
  36   3                  case(2):
  37   3                      P3 = 0xff;  // 解锁
  38   3                      P2 = 0x04;  // 开启WX2
  39   3                      P3 = 0x7f;  // 锁存
  40   3                      P2 = date[i];
  41   3                      delay_ms(2);  // 增加延时，减少闪烁速度
  42   3                      break;
  43   3      
  44   3                  case(3):
  45   3                      P3 = 0xff;  // 解锁
  46   3                      P2 = 0x08;  // 开启WX3
  47   3                      P3 = 0x7f;  // 锁存
  48   3                      P2 = date[i];
  49   3                      delay_ms(2);  // 增加延时，减少闪烁速度
  50   3                      break;
  51   3              }
  52   2                      delay_ms(1);  // 增加延时，减少闪烁速度
  53   2          }
  54   1      }
C51 COMPILER V9.57.0.0   ADC                                                               01/08/2025 19:10:46 PAGE 2   

  55          
  56          unsigned char Get_AD_Result()
  57          {
  58   1          uchar i;
  59   1          uchar data1=0,data2=0;
  60   1          CS=0;
  61   1          
  62   1        //第一个下降沿到来前，DI需置1，起始控制位，开始转换
  63   1          CLK=0;DIO=1;    
  64   1          CLK=1;
  65   1          
  66   1       //第二个下降沿到来前，设D=1/0，选择单端/差分（SGL/DIF）模式中的单端输入模式
  67   1          CLK=0;DIO=1;   
  68   1          CLK=1;           
  69   1       
  70   1       //第三个下降沿到来前，设D=0/1，选择CH0/CH1，这里选择单通道ch0  
  71   1          CLK=0;DIO=1;    
  72   1          CLK=1;DIO=0;   
  73   1          
  74   1       //第四个下降沿到来前,DI =1 
  75   1          CLK=0;DIO=1; 
  76   1          
  77   1      //4-11，共8个下降沿 DO输出转换信号，读取数据（MSB-->LSB） 
  78   1          for(i=0;i<8;i++)
  79   1          {
  80   2              CLK=1;
  81   2              CLK=0;
  82   2             data1=(data1<<1)|(uchar)DIO;
  83   2          }
  84   1          CS=1;
  85   1          return data1;
  86   1      }
  87          
  88          //void main(void)
  89          //{
  90          //      
  91          //      uint vt1;       
  92          //      uint while_times = 0;
  93          //      
  94          //      delay_ms(300);
  95          //      ET0  = 1;
  96          //    TR0  = 1;
  97          //    ET1  = 1;
  98          //    TR1  = 1;
  99          //    EA   = 1;     
 100          //    CLK  = 0;      
 101          //    CS   = 1; 
 102          //       
 103          //      while(1)
 104          //      {       
 105          //         AD1=Get_AD_Result();
 106          //         vt1= (5000/256.0)*AD1;
 107          //              date[0] =dis_adc[vt1/1000];
 108          //              date[1] =dis_adc[vt1/100%10]; 
 109          //              date[2] =dis_adc[vt1%100/10];
 110          //              date[3] =dis_adc[vt1%10];
 111          //              DigDisplay();   
 112          //      }
 113          //}


MODULE INFORMATION:   STATIC OVERLAYABLE
C51 COMPILER V9.57.0.0   ADC                                                               01/08/2025 19:10:46 PAGE 3   

   CODE SIZE        =    180    ----
   CONSTANT SIZE    =   ----    ----
   XDATA SIZE       =   ----    ----
   PDATA SIZE       =   ----    ----
   DATA SIZE        =      8       3
   IDATA SIZE       =   ----    ----
   BIT SIZE         =   ----    ----
END OF MODULE INFORMATION.


C51 COMPILATION COMPLETE.  0 WARNING(S),  0 ERROR(S)
