C51 COMPILER V9.57.0.0   KEY                                                               01/08/2025 03:33:19 PAGE 1   


C51 COMPILER V9.57.0.0, COMPILATION OF MODULE KEY
OBJECT MODULE PLACED IN .\Objects\key.obj
COMPILER INVOKED BY: E:\Keil_v5\C51\BIN\C51.EXE Hardware\key.c OPTIMIZE(8,SPEED) BROWSE INCDIR(.\Hardware) DEBUG OBJECTE
                    -XTEND PRINT(.\Listings\key.lst) OBJECT(.\Objects\key.obj)

line level    source

   1          #include "key.h"
   2          #include "reg52.h"
   3          #include "delay.h"
   4          
   5          // 引脚定义
   6          sbit R1 = P1^5;    // 定义键盘的3行线
   7          sbit R2 = P1^4;
   8          sbit R3 = P1^3;
   9          
  10          // 共阳极数码管显示字符1-9
  11          
  12          // 初始化显示设置
  13          void init_display(void) {
  14   1          P3 = 0xff;    // 解锁
  15   1          P2 = 0x01;    // 开启WX0
  16   1          P3 = 0x7f;    // 锁存
  17   1          P2 = 0xff;
  18   1      }
  19          
  20          // 矩阵键盘扫描函数，返回按下的键值（1-9），如果没有按键返回0
  21          uchar scan_keyboard(void) {
  22   1          uchar temp;
  23   1          uchar i;
  24   1          uchar key = 0;
  25   1          
  26   1          P1 = 0xfb;    // 列扫描初值1111 1011
  27   1          
  28   1          for(i = 0; i <= 2; i++) {
  29   2              if(R1 == 0) {
  30   3                  delay_ms(20);    // 消抖
  31   3                  key = i + 1;  // 第一行按键值：1,2,3
  32   3              }
  33   2              if(R2 == 0) {
  34   3                  delay_ms(20);
  35   3                  key = i + 4;  // 第二行按键值：4,5,6
  36   3              }
  37   2              if(R3 == 0) {
  38   3                  delay_ms(20);
  39   3                  key = i + 7;  // 第三行按键值：7,8,9
  40   3              }
  41   2              
  42   2              delay_ms(100);
  43   2              temp = P1;
  44   2              temp = temp | 0xf0;
  45   2              temp = temp >> 1;
  46   2              temp = temp | 0xf0;
  47   2              P1 = temp;
  48   2          }
  49   1          
  50   1          return key;
  51   1      }


MODULE INFORMATION:   STATIC OVERLAYABLE
C51 COMPILER V9.57.0.0   KEY                                                               01/08/2025 03:33:19 PAGE 2   

   CODE SIZE        =    101    ----
   CONSTANT SIZE    =   ----    ----
   XDATA SIZE       =   ----    ----
   PDATA SIZE       =   ----    ----
   DATA SIZE        =   ----       2
   IDATA SIZE       =   ----    ----
   BIT SIZE         =   ----    ----
END OF MODULE INFORMATION.


C51 COMPILATION COMPLETE.  0 WARNING(S),  0 ERROR(S)
