C51 COMPILER V9.54   MAIN                                                                  01/11/2024 14:51:38 PAGE 1   


C51 COMPILER V9.54, COMPILATION OF MODULE MAIN
OBJECT MODULE PLACED IN .\Objects\main.obj
COMPILER INVOKED BY: D:\keil\C51\BIN\C51.EXE main.c OPTIMIZE(8,SPEED) BROWSE DEBUG OBJECTEXTEND PRINT(.\Listings\main.ls
                    -t) OBJECT(.\Objects\main.obj)

line level    source

   1          #include <reg52.h>
   2          #define uint unsigned int
   3          #define uchar unsigned char
   4          sbit K1 = P1^5;//按键口
   5          uchar NumX = 5;//发送端数码管要显示的数
   6          
   7          uchar dis[10]=//共阳极数码管字符0-9
   8          {0xc0,0xf9,0xa4,0xb0,0x99,0x92,0x82,0xf8,0x80,0x90};
   9          
  10          void Delay(uint x)//延时
  11          {
  12   1           uchar i,j;
  13   1          for(i=x;i>0;i--)
  14   1               for(j=110;j>0;j--);
  15   1      }
  16          void main()
  17          {
  18   1          SCON = 0x50;//串口方式1
  19   1          TMOD = 0x20;//定时器工作方式2
  20   1          PCON = 0x00;//波特率正常
  21   1          TH1  = 0xfd;//T1定时器装初值
  22   1          TL1  = 0xfd;
  23   1          TR1 = 1;//启动T1定时器 
  24   1          EA=1;//开总中断
  25   1          ES=1;//开启串口中断
  26   1              
  27   1               P3=0xff;//解锁
  28   1               P2=0x01;//开启WX0
  29   1               P3=0x7f;//锁存
  30   1               P2=0xff;
  31   1              
  32   1              P1=0xfb;//列扫描初值1111 1011，使p1.2为0,其余为1
  33   1         
  34   1          while(1)
  35   1          {
  36   2              if(K1==0);//按键按下
  37   2              {
  38   3                  Delay(3);//消抖
  39   3                   if (K1==0)//按键按下
  40   3                   {
  41   4                           SBUF = NumX;//发送出去
  42   4                            P2 = dis[NumX];//显示
  43   4                            Delay(20);
  44   4                            P2 = 0x00;
  45   4                            while(!T1);//等待是否发送完毕
  46   4                             TI = 0;
  47   4                            while(!K1);//等待按键释放
  48   4                    }
  49   3              }
  50   2          }
  51   1      }


MODULE INFORMATION:   STATIC OVERLAYABLE
C51 COMPILER V9.54   MAIN                                                                  01/11/2024 14:51:38 PAGE 2   

   CODE SIZE        =     91    ----
   CONSTANT SIZE    =   ----    ----
   XDATA SIZE       =   ----    ----
   PDATA SIZE       =   ----    ----
   DATA SIZE        =     11    ----
   IDATA SIZE       =   ----    ----
   BIT SIZE         =   ----    ----
END OF MODULE INFORMATION.


C51 COMPILATION COMPLETE.  0 WARNING(S),  0 ERROR(S)
