C51 COMPILER V9.54   MAIN                                                                  01/09/2024 23:38:44 PAGE 1   


C51 COMPILER V9.54, COMPILATION OF MODULE MAIN
OBJECT MODULE PLACED IN .\Objects\main.obj
COMPILER INVOKED BY: D:\keil\C51\BIN\C51.EXE main.c OPTIMIZE(8,SPEED) BROWSE DEBUG OBJECTEXTEND PRINT(.\Listings\main.ls
                    -t) OBJECT(.\Objects\main.obj)

line level    source

   1          #include<reg52.h>
   2          #include<stdio.h>
   3          #define uchar unsigned char     
   4          #define uint  unsigned int 
   5                  
   6          uchar Get_AD_Result1();  
   7          
   8          uchar dis[10]=//共阳极数码管字符0-9
   9          {0xc0,0xf9,0xa4,
  10          0xb0,0x99,0x92,
  11          0x82,0xf8,0x80,0x90};
  12          
  13          unsigned char date[4];//ADC0832
  14          sbit CS   = P3^5;
  15          sbit CLK  = P3^6;
  16          sbit DIDO = P3^7;
  17          
  18          void delay(unsigned int t)
  19          {
  20   1              unsigned int i=0, j=0;
  21   1              for(i=0; i<t; i++)
  22   1                      for(j=0; j<120; j++);
  23   1      }                                       
  24                                                  
  25          void DigDisplay()
  26          {
  27   1              int i;
  28   1              for(i=0;i<4;i++)
  29   1              {
  30   2                      switch(i)
  31   2                      {
  32   3                              case(0):
  33   3                              P3=0xff;//解锁
  34   3                              P2=0x01;//开启WX0
  35   3                              P3=0x7f;//锁存
  36   3                              P2=date[i]&0x7f;
  37   3                              break;
  38   3                              
  39   3                              case(1):
  40   3                              P3=0xff;//解锁
  41   3                              P2=0x02;//开启WX1
  42   3                              P3=0x7f;//锁存
  43   3                              P2=date[i];
  44   3                              break;
  45   3                              
  46   3                              case(2):
  47   3                              P3=0xff;//解锁
  48   3                              P2=0x04;//开启WX2
  49   3                              P3=0x7f;//锁存
  50   3                              P2=date[i];
  51   3                              break;
  52   3      
  53   3                              case(3):
  54   3                              P3=0xff;//解锁
C51 COMPILER V9.54   MAIN                                                                  01/09/2024 23:38:44 PAGE 2   

  55   3                              P2=0x08;//开启WX3
  56   3                              P3=0x7f;//锁存
  57   3                              P2=date[i];
  58   3                              break;
  59   3                      }
  60   2                      delay(5);
  61   2              }
  62   1      }
  63          
  64          void main(void)
  65          {
  66   1              uchar AD1;
  67   1              uint vt1;   
  68   1              uint while_times = 0;
  69   1              
  70   1              delay(300);
  71   1              ET0  = 1;
  72   1          TR0  = 1;
  73   1          ET1  = 1;
  74   1          TR1  = 1;
  75   1          EA   = 1;     
  76   1          CLK  = 0;      
  77   1          CS   = 1; 
  78   1               
  79   1              while(1)
  80   1              {       
  81   2                 AD1 = Get_AD_Result1();
  82   2                 vt1= (5000/256.0)*AD1;
  83   2                      date[0] =dis[vt1/1000];
  84   2                      date[1] =dis[vt1/100%10]; 
  85   2                      date[2] =dis[vt1%100/10];
  86   2                      date[3] =dis[vt1%10];
  87   2                      DigDisplay();   
  88   2              }
  89   1      }
  90          
  91          uchar Get_AD_Result1()     
  92          {
  93   1          uchar i, dat;
  94   1          CS = 1;              
  95   1          CLK =1;                  
  96   1          CS = 0;
  97   1          DIDO = 1; CLK = 0;  CLK = 1; 
  98   1          DIDO = 1; CLK = 0;  CLK = 1;  
  99   1          DIDO = 0; CLK = 0;  CLK = 1; 
 100   1          DIDO = 1;                               
 101   1          for(i = 0; i < 8; i++)                  
 102   1          {
 103   2              CLK = 0;                           
 104   2              if(DIDO) dat |= 0x01;              
 105   2              CLK = 1;                       
 106   2              dat <<= 1;                          
 107   2          }
 108   1          return (dat);
 109   1          //CS = 1;                                  
 110   1      }


MODULE INFORMATION:   STATIC OVERLAYABLE
   CODE SIZE        =    332    ----
   CONSTANT SIZE    =   ----    ----
   XDATA SIZE       =   ----    ----
C51 COMPILER V9.54   MAIN                                                                  01/09/2024 23:38:44 PAGE 3   

   PDATA SIZE       =   ----    ----
   DATA SIZE        =     14       7
   IDATA SIZE       =   ----    ----
   BIT SIZE         =   ----    ----
END OF MODULE INFORMATION.


C51 COMPILATION COMPLETE.  0 WARNING(S),  0 ERROR(S)
