C51 COMPILER V9.57.0.0   MOVING_LED                                                        12/17/2024 15:45:02 PAGE 1   


C51 COMPILER V9.57.0.0, COMPILATION OF MODULE MOVING_LED
OBJECT MODULE PLACED IN .\Objects\Moving LED.obj
COMPILER INVOKED BY: E:\Keil_v5\C51\BIN\C51.EXE Moving LED.c OPTIMIZE(8,SPEED) BROWSE DEBUG OBJECTEXTEND PRINT(.\Listing
                    -s\Moving LED.lst) OBJECT(.\Objects\Moving LED.obj)

line level    source

   1          #include <reg51.h>
   2          #include <intrins.h>//包含移位函数_crol_(  )的头文件
   3          
   4          #define uchar unsigned char                                     
   5          #define uint unsigned int
   6                  
   7          void delay(uint i)//延时函数
   8          {       
   9   1              uchar t;
  10   1              while (i--)     
  11   1                      for(t=0;t<120;t++);     
  12   1      }
  13          
  14          void main()//主程序
  15          {       
  16   1              while (1)       
  17   1              {       
  18   2                      P0=0xfe;//向P0口送出点亮数据11111110
  19   2                      delay(500);//延时0.5s
  20   2                      P0=0xfd;//向P0口送出点亮数据11111101
  21   2                      delay(500);//延时0.5s
  22   2                      P0=0xfb;//向P0口送出点亮数据11111011
  23   2                      delay(500);//500为延时参数，可根据实际需要调整
  24   2                      P0=0xf7;//向P0口送出点亮数据1110111
  25   2                      delay(500);//500为延时参数，可根据实际需要调整
  26   2                      P0=0xfb;//向P0口送出点亮数据11111011
  27   2                      delay(500);//500为延时参数，可根据实际需要调整
  28   2                      P0=0xfd;//向P0口送出点亮数据11111101
  29   2                      delay(500);//延时0.5s
  30   2              }
  31   1      }


MODULE INFORMATION:   STATIC OVERLAYABLE
   CODE SIZE        =     62    ----
   CONSTANT SIZE    =   ----    ----
   XDATA SIZE       =   ----    ----
   PDATA SIZE       =   ----    ----
   DATA SIZE        =   ----    ----
   IDATA SIZE       =   ----    ----
   BIT SIZE         =   ----    ----
END OF MODULE INFORMATION.


C51 COMPILATION COMPLETE.  0 WARNING(S),  0 ERROR(S)
