C51 COMPILER V9.54   MAIN                                                                  01/11/2024 13:32:05 PAGE 1   


C51 COMPILER V9.54, COMPILATION OF MODULE MAIN
OBJECT MODULE PLACED IN .\Objects\main.obj
COMPILER INVOKED BY: D:\keil\C51\BIN\C51.EXE main.c OPTIMIZE(8,SPEED) BROWSE DEBUG OBJECTEXTEND PRINT(.\Listings\main.ls
                    -t) OBJECT(.\Objects\main.obj)

line level    source

   1          #include <reg51.h>
   2          
   3          #define uchar unsigned char                                     
   4          #define uint unsigned int
   5                  
   6          sbit P2_0=P2^0;         //定义特殊功能寄存器P2的位变量P2_0为PWM生成口
   7          sbit motorPin1=P2^2;//定义特殊功能寄存器P2的位变量P2_2为电机引脚1
   8          sbit motorPin2=P2^1;//定义特殊功能寄存器P2的位变量P2_1为电机引脚2
   9          
  10          void delay(uint i)//延时函数
  11          {       
  12   1              uchar t;
  13   1              while (i--)     
  14   1                      for(t=0;t<120;t++);
  15   1      }
  16          
  17          void main(void)         //主程序
  18            { 
  19   1              while(1)
  20   1              {
  21   2                      P2_0 = 1;
  22   2                      motorPin1 = 1;  // 设置电动机引脚1为高电平
  23   2                      motorPin2 = 0;  // 设置电动机引脚2为低电平
  24   2                      delay(3000);
  25   2                      P2_0 = 0;
  26   2                      motorPin1 = 0;  // 设置电动机引脚1为高电平
  27   2                      motorPin2 = 0;  // 设置电动机引脚2为低电平
  28   2                      delay(3000);
  29   2              }       
  30   1       }


MODULE INFORMATION:   STATIC OVERLAYABLE
   CODE SIZE        =     44    ----
   CONSTANT SIZE    =   ----    ----
   XDATA SIZE       =   ----    ----
   PDATA SIZE       =   ----    ----
   DATA SIZE        =   ----    ----
   IDATA SIZE       =   ----    ----
   BIT SIZE         =   ----    ----
END OF MODULE INFORMATION.


C51 COMPILATION COMPLETE.  0 WARNING(S),  0 ERROR(S)
